<?xml version="1.0" encoding="UTF-8"?>
<!-- Generated by org.testng.reporters.JUnitReportReporter -->
<testsuite hostname="DESKTOP-PPO5TBO" failures="0" tests="3" name="TestNG1" time="0.041" errors="0" timestamp="2025-04-24T19:30:27 IST" skipped="0">
  <testcase classname="TestNG1" name="A1" time="0.018"/>
  <testcase classname="TestNG1" name="a1" time="0.011"/>
  <testcase classname="TestNG1" name="a2" time="0.012"/>
</testsuite> <!-- TestNG1 -->
